<?xml version="1.0" encoding="UTF-8"?>
<robot generator="Robot 3.2.2 (Python 3.11.0 on win32)" generated="20221124 12:17:43.505" rpa="false">
<suite id="s1" name="EmployeeWise" source="C:\Users\EICPL02-L69\eclipse-workspace\EmployeeWise">
<suite id="s1-s1" name="Smoke Test" source="C:\Users\EICPL02-L69\eclipse-workspace\EmployeeWise\Smoke_Test">
<suite id="s1-s1-s1" name="Suite 1" source="C:\Users\EICPL02-L69\eclipse-workspace\EmployeeWise\Smoke_Test\Suite_1.robot">
<kw name="Set Screenshot Directory" library="SeleniumLibrary" type="setup">
<doc>Sets the directory for captured screenshots.</doc>
<arguments>
<arg>LOGDIR/ScreenShots</arg>
</arguments>
<status status="PASS" starttime="20221124 12:17:43.777" endtime="20221124 12:17:43.777"></status>
</kw>
<test id="s1-s1-s1-t1" name="Login_Logout">
<kw name="Set Selenium Speed" library="SeleniumLibrary" type="setup">
<doc>Sets the delay that is waited after each Selenium command.</doc>
<arguments>
<arg>0.3</arg>
</arguments>
<status status="PASS" starttime="20221124 12:17:43.778" endtime="20221124 12:17:43.778"></status>
</kw>
<kw name="LoginKW" library="resource">
<kw name="Open Browser" library="SeleniumLibrary">
<doc>Opens a new browser instance to the optional ``url``.</doc>
<arguments>
<arg>${url}</arg>
<arg>Chrome</arg>
</arguments>
<msg timestamp="20221124 12:17:43.779" level="INFO">Opening browser 'Chrome' to base url 'https://www.myemploywise.com/asperm/servlet/ggs.erm.servlet.setup3.LoginS?customer_code=excelencia'.</msg>
<status status="PASS" starttime="20221124 12:17:43.779" endtime="20221124 12:17:46.969"></status>
</kw>
<kw name="Maximize Browser Window" library="SeleniumLibrary">
<doc>Maximizes current browser window.</doc>
<status status="PASS" starttime="20221124 12:17:46.970" endtime="20221124 12:17:47.404"></status>
</kw>
<kw name="Input Text" library="SeleniumLibrary">
<doc>Types the given ``text`` into the text field identified by ``locator``.</doc>
<arguments>
<arg>${user-name-feild}</arg>
<arg>${username}</arg>
</arguments>
<msg timestamp="20221124 12:17:47.406" level="INFO">Typing text 'ECPL0530' into text field 'id=User_Name'.</msg>
<status status="PASS" starttime="20221124 12:17:47.405" endtime="20221124 12:17:48.429"></status>
</kw>
<kw name="Input Password" library="SeleniumLibrary">
<doc>Types the given password into the text field identified by ``locator``.</doc>
<arguments>
<arg>${password-feild}</arg>
<arg>${Password}</arg>
</arguments>
<msg timestamp="20221124 12:17:48.429" level="INFO">Typing password into text field 'id=Password'.</msg>
<msg timestamp="20221124 12:17:49.068" level="INFO">Temporally setting log level to: NONE</msg>
<msg timestamp="20221124 12:17:49.416" level="INFO">Log level changed from NONE to INFO.</msg>
<status status="PASS" starttime="20221124 12:17:48.429" endtime="20221124 12:17:49.416"></status>
</kw>
<kw name="Click Element" library="SeleniumLibrary">
<doc>Click the element identified by ``locator``.</doc>
<arguments>
<arg>${login-button}</arg>
</arguments>
<msg timestamp="20221124 12:17:49.417" level="INFO">Clicking element '//input[@value='LOGIN']'.</msg>
<status status="PASS" starttime="20221124 12:17:49.416" endtime="20221124 12:17:51.471"></status>
</kw>
<status status="PASS" starttime="20221124 12:17:43.778" endtime="20221124 12:17:51.471"></status>
</kw>
<kw name="Sleep" library="BuiltIn">
<doc>Pauses the test executed for the given time.</doc>
<arguments>
<arg>2</arg>
</arguments>
<msg timestamp="20221124 12:17:53.473" level="INFO">Slept 2 seconds</msg>
<status status="PASS" starttime="20221124 12:17:51.471" endtime="20221124 12:17:53.474"></status>
</kw>
<kw name="LogoutKW" library="resource">
<kw name="Click Element" library="SeleniumLibrary">
<doc>Click the element identified by ``locator``.</doc>
<arguments>
<arg>${logout-button}</arg>
</arguments>
<msg timestamp="20221124 12:17:53.477" level="INFO">Clicking element '//a[normalize-space()='Log out']'.</msg>
<status status="PASS" starttime="20221124 12:17:53.477" endtime="20221124 12:17:54.376"></status>
</kw>
<status status="PASS" starttime="20221124 12:17:53.475" endtime="20221124 12:17:54.377"></status>
</kw>
<kw name="Close Browser" library="SeleniumLibrary">
<doc>Closes the current browser.</doc>
<status status="PASS" starttime="20221124 12:17:54.377" endtime="20221124 12:17:56.780"></status>
</kw>
<status status="PASS" starttime="20221124 12:17:43.777" endtime="20221124 12:17:56.781" critical="yes"></status>
</test>
<status status="PASS" starttime="20221124 12:17:43.571" endtime="20221124 12:17:56.784"></status>
</suite>
<status status="PASS" starttime="20221124 12:17:43.569" endtime="20221124 12:17:56.785"></status>
</suite>
<status status="PASS" starttime="20221124 12:17:43.553" endtime="20221124 12:17:56.787"></status>
</suite>
<statistics>
<total>
<stat pass="1" fail="0">Critical Tests</stat>
<stat pass="1" fail="0">All Tests</stat>
</total>
<tag>
</tag>
<suite>
<stat pass="1" fail="0" id="s1" name="EmployeeWise">EmployeeWise</stat>
<stat pass="1" fail="0" id="s1-s1" name="Smoke Test">EmployeeWise.Smoke Test</stat>
<stat pass="1" fail="0" id="s1-s1-s1" name="Suite 1">EmployeeWise.Smoke Test.Suite 1</stat>
</suite>
</statistics>
<errors>
</errors>
</robot>
